<?xml version="1.0" encoding="UTF-8"?>
<testng-results skipped="0" failed="0" total="0" passed="0">
  <reporter-output>
  </reporter-output>
  <suite name="cz.muni.fi.airportapi.facade.StewardFacadeTest" duration-ms="4" started-at="2015-11-25T12:48:19Z" finished-at="2015-11-25T12:48:19Z">
    <groups>
    </groups>
    <test name="Command line test" duration-ms="4" started-at="2015-11-25T12:48:19Z" finished-at="2015-11-25T12:48:19Z">
    </test> <!-- Command line test -->
  </suite> <!-- cz.muni.fi.airportapi.facade.StewardFacadeTest -->
</testng-results>
